2023-07-11 10:33:42.632 [WARN ] c.z.h.p.HikariPool - testdb - Thread starvation or clock leap detected (housekeeper delta=15h25m44s995ms466µs100ns).
2023-07-11 10:37:34.337 [INFO ] o.s.b.d.a.LocalDevToolsAutoConfiguration$RestartingClassPathChangeChangedEventListener - Restarting due to 1 class path change (1 addition, 0 deletions, 0 modifications)
2023-07-11 10:37:34.357 [INFO ] o.a.c.c.StandardService - Stopping service [Tomcat]
2023-07-11 10:37:34.358 [INFO ] o.a.c.c.C.[.[.[/] - Destroying Spring FrameworkServlet 'dispatcherServlet'
2023-07-11 10:37:34.362 [WARN ] o.a.c.l.WebappClassLoaderBase - The web application [ROOT] appears to have started a thread named [testdb housekeeper] but has failed to stop it. This is very likely to create a memory leak. Stack trace of thread:
 java.base@17.0.7/jdk.internal.misc.Unsafe.park(Native Method)
 java.base@17.0.7/java.util.concurrent.locks.LockSupport.parkNanos(LockSupport.java:252)
 java.base@17.0.7/java.util.concurrent.locks.AbstractQueuedSynchronizer$ConditionObject.awaitNanos(AbstractQueuedSynchronizer.java:1672)
 java.base@17.0.7/java.util.concurrent.ScheduledThreadPoolExecutor$DelayedWorkQueue.take(ScheduledThreadPoolExecutor.java:1182)
 java.base@17.0.7/java.util.concurrent.ScheduledThreadPoolExecutor$DelayedWorkQueue.take(ScheduledThreadPoolExecutor.java:899)
 java.base@17.0.7/java.util.concurrent.ThreadPoolExecutor.getTask(ThreadPoolExecutor.java:1062)
 java.base@17.0.7/java.util.concurrent.ThreadPoolExecutor.runWorker(ThreadPoolExecutor.java:1122)
 java.base@17.0.7/java.util.concurrent.ThreadPoolExecutor$Worker.run(ThreadPoolExecutor.java:635)
 java.base@17.0.7/java.lang.Thread.run(Thread.java:833)
2023-07-11 10:37:34.366 [INFO ] o.s.o.j.LocalContainerEntityManagerFactoryBean - Closing JPA EntityManagerFactory for persistence unit 'default'
2023-07-11 10:37:34.369 [INFO ] c.z.h.HikariDataSource - testdb - Shutdown initiated...
2023-07-11 10:37:34.378 [INFO ] c.z.h.HikariDataSource - testdb - Shutdown completed.
2023-07-11 10:37:34.459 [INFO ] c.a.E.EmployeeCompanyApplication - Starting EmployeeCompanyApplication using Java 17.0.7 with PID 16992 (C:\Users\Ayushi.Jain\IdeaProjects\Task1 - Updates\Task1 - JWT + Roles\target\classes started by Ayushi.Jain in C:\Users\Ayushi.Jain\IdeaProjects\Task1 - Updates\Task1 - JWT + Roles)
2023-07-11 10:37:34.460 [DEBUG] c.a.E.EmployeeCompanyApplication - Running with Spring Boot v3.1.0, Spring v6.0.9
2023-07-11 10:37:34.460 [INFO ] c.a.E.EmployeeCompanyApplication - No active profile set, falling back to 1 default profile: "default"
2023-07-11 10:37:34.787 [INFO ] o.s.d.r.c.RepositoryConfigurationDelegate - Bootstrapping Spring Data JPA repositories in DEFAULT mode.
2023-07-11 10:37:34.818 [INFO ] o.s.d.r.c.RepositoryConfigurationDelegate - Finished Spring Data repository scanning in 29 ms. Found 4 JPA repository interfaces.
2023-07-11 10:37:34.975 [INFO ] o.s.b.w.e.t.TomcatWebServer - Tomcat initialized with port(s): 8080 (http)
2023-07-11 10:37:34.976 [INFO ] o.a.c.c.StandardService - Starting service [Tomcat]
2023-07-11 10:37:34.976 [INFO ] o.a.c.c.StandardEngine - Starting Servlet engine: [Apache Tomcat/10.1.8]
2023-07-11 10:37:35.009 [INFO ] o.a.c.c.C.[.[.[/] - Initializing Spring embedded WebApplicationContext
2023-07-11 10:37:35.009 [INFO ] o.s.b.w.s.c.ServletWebServerApplicationContext - Root WebApplicationContext: initialization completed in 547 ms
2023-07-11 10:37:35.066 [INFO ] o.h.j.i.u.LogHelper - HHH000204: Processing PersistenceUnitInfo [name: default]
2023-07-11 10:37:35.075 [INFO ] o.h.b.i.BytecodeProviderInitiator - HHH000021: Bytecode provider name : bytebuddy
2023-07-11 10:37:35.075 [INFO ] o.s.o.j.p.SpringPersistenceUnitInfo - No LoadTimeWeaver setup: ignoring JPA class transformer
2023-07-11 10:37:35.076 [INFO ] c.z.h.HikariDataSource - testdb - Starting...
2023-07-11 10:37:35.090 [INFO ] c.z.h.p.HikariPool - testdb - Added connection com.mysql.cj.jdbc.ConnectionImpl@15271a05
2023-07-11 10:37:35.090 [INFO ] c.z.h.HikariDataSource - testdb - Start completed.
2023-07-11 10:37:35.092 [INFO ] o.h.orm.dialect - HHH035001: Using dialect: org.hibernate.dialect.MySQLDialect, version: 8.0.33
2023-07-11 10:37:35.112 [INFO ] o.h.b.i.BytecodeProviderInitiator - HHH000021: Bytecode provider name : bytebuddy
2023-07-11 10:37:35.182 [INFO ] o.h.e.t.j.p.i.JtaPlatformInitiator - HHH000490: Using JtaPlatform implementation: [org.hibernate.engine.transaction.jta.platform.internal.NoJtaPlatform]
2023-07-11 10:37:35.227 [INFO ] o.s.o.j.LocalContainerEntityManagerFactoryBean - Initialized JPA EntityManagerFactory for persistence unit 'default'
2023-07-11 10:37:35.319 [DEBUG] c.a.E.c.JwtFilter - Filter 'jwtFilter' configured for use
2023-07-11 10:37:35.488 [INFO ] o.s.s.w.DefaultSecurityFilterChain - Will secure any request with [org.springframework.security.web.session.DisableEncodeUrlFilter@2e769bc5, org.springframework.security.web.context.request.async.WebAsyncManagerIntegrationFilter@812ab1e, org.springframework.security.web.context.SecurityContextHolderFilter@3bd40376, org.springframework.security.web.header.HeaderWriterFilter@61bfaa89, org.springframework.security.web.authentication.logout.LogoutFilter@73fd3459, com.assignment.EmployeeCompany.config.JwtFilter@52f582c, org.springframework.security.web.savedrequest.RequestCacheAwareFilter@4c4a9628, org.springframework.security.web.servletapi.SecurityContextHolderAwareRequestFilter@50bd86ca, org.springframework.security.web.authentication.AnonymousAuthenticationFilter@1308f029, org.springframework.security.web.session.SessionManagementFilter@33c17db1, org.springframework.security.web.access.ExceptionTranslationFilter@6f73134f, org.springframework.security.web.access.intercept.FilterSecurityInterceptor@5e63579f]
2023-07-11 10:37:35.546 [INFO ] o.s.b.d.a.OptionalLiveReloadServer - LiveReload server is running on port 35729
2023-07-11 10:37:35.553 [INFO ] o.s.b.w.e.t.TomcatWebServer - Tomcat started on port(s): 8080 (http) with context path ''
2023-07-11 10:37:35.556 [INFO ] c.a.E.EmployeeCompanyApplication - Started EmployeeCompanyApplication in 1.132 seconds (process running for 62271.236)
2023-07-11 10:37:35.558 [INFO ] o.s.b.d.a.ConditionEvaluationDeltaLoggingListener - Condition evaluation unchanged
